Iteration: 1
n_list: [2, 2, 2, 2]
k_list: [64, 64, 64, 64]
Similarities: [0.90087295, 0.83575904, 0.65895224, 0.5925454]
Iteration: 2
n_list: [2, 2, 2, 2]
k_list: [32, 64, 64, 128]
Similarities: [0.87760097, 0.8180694, 0.6419573, 0.53375727]
Iteration: 3
n_list: [1, 2, 2, 2]
k_list: [8192, 64, 64, 256]
Similarities: [0.94701576, 0.8568164, 0.70844954, 0.5458018]
Iteration: 4
n_list: [1, 2, 2, 2]
k_list: [4096, 64, 64, 512]
Similarities: [0.9417048, 0.858957, 0.71562445, 0.10960818]
Iteration: 5
n_list: [1, 2, 2, 2]
k_list: [2048, 64, 64, 1024]
Similarities: [0.93634725, 0.8599033, 0.7193582, 0.10960818]
Iteration: 6
n_list: [1, 2, 2, 2]
k_list: [1024, 64, 64, 2048]
Similarities: [0.929778, 0.8595099, 0.7176903, 0.10960818]
Iteration: 7
n_list: [1, 2, 2, 2]
k_list: [512, 64, 64, 4096]
Similarities: [0.9195317, 0.8498823, 0.7023392, 0.10960818]
Iteration: 8
n_list: [1, 2, 2, 4]
k_list: [256, 64, 64, 16]
Similarities: [0.9070166, 0.84593666, 0.70111877, 0.51539564]
Iteration: 9
n_list: [1, 2, 2, 4]
k_list: [128, 64, 64, 32]
Similarities: [0.89066064, 0.83872384, 0.6728922, 0.61690366]
Iteration: 10
n_list: [1, 2, 2, 4]
k_list: [64, 64, 64, 64]
Similarities: [0.8674722, 0.8270971, 0.65889496, 0.6326158]
