2024-05-03 01:19:06,366:INFO: Epoch: 1 - loss: 1.9159993756 - test_loss: 1.6558728218
2024-05-03 01:19:06,375:INFO: -------- Save Best Model! --------
2024-05-03 01:19:08,935:INFO: Epoch: 2 - loss: 1.6869584013 - test_loss: 1.5658193827
2024-05-03 01:19:08,937:INFO: -------- Save Best Model! --------
2024-05-03 01:19:11,558:INFO: Epoch: 3 - loss: 1.5970737599 - test_loss: 1.4842374325
2024-05-03 01:19:11,564:INFO: -------- Save Best Model! --------
2024-05-03 01:19:13,965:INFO: Epoch: 4 - loss: 1.5392061815 - test_loss: 1.4377720356
2024-05-03 01:19:13,967:INFO: -------- Save Best Model! --------
2024-05-03 01:19:16,574:INFO: Epoch: 5 - loss: 1.4971732537 - test_loss: 1.3699463606
2024-05-03 01:19:16,580:INFO: -------- Save Best Model! --------
2024-05-03 01:19:19,166:INFO: Epoch: 6 - loss: 1.4587714070 - test_loss: 1.3327585459
2024-05-03 01:19:19,168:INFO: -------- Save Best Model! --------
2024-05-03 01:19:21,661:INFO: Epoch: 7 - loss: 1.4262888058 - test_loss: 1.3061729670
2024-05-03 01:19:21,667:INFO: -------- Save Best Model! --------
2024-05-03 01:19:24,260:INFO: Epoch: 8 - loss: 1.4048324789 - test_loss: 1.2811081409
2024-05-03 01:19:24,261:INFO: -------- Save Best Model! --------
2024-05-03 01:19:26,791:INFO: Epoch: 9 - loss: 1.3822111143 - test_loss: 1.2707111835
2024-05-03 01:19:26,796:INFO: -------- Save Best Model! --------
2024-05-03 01:19:29,415:INFO: Epoch: 10 - loss: 1.3536548752 - test_loss: 1.2283236980
2024-05-03 01:19:29,417:INFO: -------- Save Best Model! --------
2024-05-03 01:19:32,033:INFO: Epoch: 11 - loss: 1.3373557691 - test_loss: 1.2370990515
2024-05-03 01:19:32,033:INFO: Early Stop Left: 14
2024-05-03 01:19:34,575:INFO: Epoch: 12 - loss: 1.3319257372 - test_loss: 1.2026244402
2024-05-03 01:19:34,577:INFO: -------- Save Best Model! --------
2024-05-03 01:19:37,188:INFO: Epoch: 13 - loss: 1.3113775908 - test_loss: 1.1979690790
2024-05-03 01:19:37,194:INFO: -------- Save Best Model! --------
2024-05-03 01:19:39,602:INFO: Epoch: 14 - loss: 1.3076194315 - test_loss: 1.1809365749
2024-05-03 01:19:39,604:INFO: -------- Save Best Model! --------
2024-05-03 01:19:42,180:INFO: Epoch: 15 - loss: 1.2901187135 - test_loss: 1.1570043564
2024-05-03 01:19:42,181:INFO: -------- Save Best Model! --------
2024-05-03 01:19:44,711:INFO: Epoch: 16 - loss: 1.2836720239 - test_loss: 1.1774480343
2024-05-03 01:19:44,711:INFO: Early Stop Left: 14
2024-05-03 01:19:47,487:INFO: Epoch: 17 - loss: 1.2680042462 - test_loss: 1.1468633413
2024-05-03 01:19:47,489:INFO: -------- Save Best Model! --------
2024-05-03 01:19:50,019:INFO: Epoch: 18 - loss: 1.2659650493 - test_loss: 1.1384352446
2024-05-03 01:19:50,025:INFO: -------- Save Best Model! --------
2024-05-03 01:19:52,522:INFO: Epoch: 19 - loss: 1.2498123893 - test_loss: 1.1484888792
2024-05-03 01:19:52,522:INFO: Early Stop Left: 14
2024-05-03 01:19:55,073:INFO: Epoch: 20 - loss: 1.2458773322 - test_loss: 1.1151249409
2024-05-03 01:19:55,079:INFO: -------- Save Best Model! --------
2024-05-03 01:19:57,578:INFO: Epoch: 21 - loss: 1.2377240311 - test_loss: 1.1113427877
2024-05-03 01:19:57,580:INFO: -------- Save Best Model! --------
2024-05-03 01:20:00,176:INFO: Epoch: 22 - loss: 1.2266541969 - test_loss: 1.1067312956
2024-05-03 01:20:00,182:INFO: -------- Save Best Model! --------
2024-05-03 01:20:02,769:INFO: Epoch: 23 - loss: 1.2301135446 - test_loss: 1.0864475965
2024-05-03 01:20:02,771:INFO: -------- Save Best Model! --------
2024-05-03 01:20:05,270:INFO: Epoch: 24 - loss: 1.2147775330 - test_loss: 1.0877146721
2024-05-03 01:20:05,270:INFO: Early Stop Left: 14
2024-05-03 01:20:07,866:INFO: Epoch: 25 - loss: 1.2028464115 - test_loss: 1.0729490519
2024-05-03 01:20:07,868:INFO: -------- Save Best Model! --------
2024-05-03 01:20:10,349:INFO: Epoch: 26 - loss: 1.1989243166 - test_loss: 1.0931880474
2024-05-03 01:20:10,350:INFO: Early Stop Left: 14
2024-05-03 01:20:12,915:INFO: Epoch: 27 - loss: 1.1954376888 - test_loss: 1.0479766130
2024-05-03 01:20:12,917:INFO: -------- Save Best Model! --------
2024-05-03 01:20:15,382:INFO: Epoch: 28 - loss: 1.1858498363 - test_loss: 1.0853166580
2024-05-03 01:20:15,383:INFO: Early Stop Left: 14
2024-05-03 01:20:17,891:INFO: Epoch: 29 - loss: 1.1804192293 - test_loss: 1.0550026894
2024-05-03 01:20:17,891:INFO: Early Stop Left: 13
2024-05-03 01:20:20,448:INFO: Epoch: 30 - loss: 1.1800276083 - test_loss: 1.0545866489
2024-05-03 01:20:20,449:INFO: Early Stop Left: 12
2024-05-03 01:20:22,963:INFO: Epoch: 31 - loss: 1.1698763192 - test_loss: 1.0323307514
2024-05-03 01:20:22,964:INFO: -------- Save Best Model! --------
2024-05-03 01:20:25,466:INFO: Epoch: 32 - loss: 1.1693553732 - test_loss: 1.0406218767
2024-05-03 01:20:25,466:INFO: Early Stop Left: 14
2024-05-03 01:20:28,077:INFO: Epoch: 33 - loss: 1.1654499247 - test_loss: 1.0343414545
2024-05-03 01:20:28,077:INFO: Early Stop Left: 13
2024-05-03 01:20:30,594:INFO: Epoch: 34 - loss: 1.1652534814 - test_loss: 1.0556864738
2024-05-03 01:20:30,595:INFO: Early Stop Left: 12
2024-05-03 01:20:33,191:INFO: Epoch: 35 - loss: 1.1642147097 - test_loss: 1.0443987846
2024-05-03 01:20:33,191:INFO: Early Stop Left: 11
2024-05-03 01:20:35,609:INFO: Epoch: 36 - loss: 1.1522563353 - test_loss: 1.0317981243
2024-05-03 01:20:35,610:INFO: -------- Save Best Model! --------
2024-05-03 01:20:38,185:INFO: Epoch: 37 - loss: 1.1526555202 - test_loss: 1.0208619833
2024-05-03 01:20:38,187:INFO: -------- Save Best Model! --------
2024-05-03 01:20:40,722:INFO: Epoch: 38 - loss: 1.1462253064 - test_loss: 0.9973722100
2024-05-03 01:20:40,728:INFO: -------- Save Best Model! --------
2024-05-03 01:20:43,476:INFO: Epoch: 39 - loss: 1.1447217954 - test_loss: 1.0070385933
2024-05-03 01:20:43,476:INFO: Early Stop Left: 14
2024-05-03 01:20:46,131:INFO: Epoch: 40 - loss: 1.1413458711 - test_loss: 0.9950935245
2024-05-03 01:20:46,133:INFO: -------- Save Best Model! --------
2024-05-03 01:20:48,662:INFO: Epoch: 41 - loss: 1.1417190075 - test_loss: 0.9886474013
2024-05-03 01:20:48,664:INFO: -------- Save Best Model! --------
2024-05-03 01:20:51,237:INFO: Epoch: 42 - loss: 1.1365552329 - test_loss: 1.0012224913
2024-05-03 01:20:51,237:INFO: Early Stop Left: 14
2024-05-03 01:20:53,771:INFO: Epoch: 43 - loss: 1.1318909073 - test_loss: 1.0035263300
2024-05-03 01:20:53,771:INFO: Early Stop Left: 13
2024-05-03 01:20:56,396:INFO: Epoch: 44 - loss: 1.1308784774 - test_loss: 1.0061740875
2024-05-03 01:20:56,396:INFO: Early Stop Left: 12
2024-05-03 01:20:58,989:INFO: Epoch: 45 - loss: 1.1193483636 - test_loss: 0.9878351688
2024-05-03 01:20:58,991:INFO: -------- Save Best Model! --------
2024-05-03 01:21:01,537:INFO: Epoch: 46 - loss: 1.1221011188 - test_loss: 1.0052975416
2024-05-03 01:21:01,537:INFO: Early Stop Left: 14
2024-05-03 01:21:04,130:INFO: Epoch: 47 - loss: 1.1214294030 - test_loss: 0.9794938564
2024-05-03 01:21:04,131:INFO: -------- Save Best Model! --------
2024-05-03 01:21:06,731:INFO: Epoch: 48 - loss: 1.1191981501 - test_loss: 0.9970761538
2024-05-03 01:21:06,731:INFO: Early Stop Left: 14
2024-05-03 01:21:09,348:INFO: Epoch: 49 - loss: 1.1219349576 - test_loss: 1.0166563988
2024-05-03 01:21:09,348:INFO: Early Stop Left: 13
2024-05-03 01:21:11,974:INFO: Epoch: 50 - loss: 1.1178872041 - test_loss: 0.9744110107
2024-05-03 01:21:11,976:INFO: -------- Save Best Model! --------
2024-05-03 01:21:14,521:INFO: Epoch: 51 - loss: 1.1100632845 - test_loss: 0.9795762300
2024-05-03 01:21:14,521:INFO: Early Stop Left: 14
2024-05-03 01:21:17,089:INFO: Epoch: 52 - loss: 1.1062285199 - test_loss: 0.9724507928
2024-05-03 01:21:17,095:INFO: -------- Save Best Model! --------
2024-05-03 01:21:19,663:INFO: Epoch: 53 - loss: 1.1085809791 - test_loss: 0.9602007270
2024-05-03 01:21:19,665:INFO: -------- Save Best Model! --------
2024-05-03 01:21:22,256:INFO: Epoch: 54 - loss: 1.1048645788 - test_loss: 0.9719327092
2024-05-03 01:21:22,256:INFO: Early Stop Left: 14
2024-05-03 01:21:24,857:INFO: Epoch: 55 - loss: 1.1016358741 - test_loss: 0.9684900641
2024-05-03 01:21:24,858:INFO: Early Stop Left: 13
2024-05-03 01:21:27,312:INFO: Epoch: 56 - loss: 1.1024186240 - test_loss: 0.9569922686
2024-05-03 01:21:27,318:INFO: -------- Save Best Model! --------
2024-05-03 01:21:29,852:INFO: Epoch: 57 - loss: 1.0972275547 - test_loss: 0.9541734457
2024-05-03 01:21:29,853:INFO: -------- Save Best Model! --------
2024-05-03 01:21:32,362:INFO: Epoch: 58 - loss: 1.0913323665 - test_loss: 0.9553200603
2024-05-03 01:21:32,362:INFO: Early Stop Left: 14
2024-05-03 01:21:34,993:INFO: Epoch: 59 - loss: 1.0953185707 - test_loss: 0.9600840807
2024-05-03 01:21:34,993:INFO: Early Stop Left: 13
2024-05-03 01:21:37,482:INFO: Epoch: 60 - loss: 1.0929086079 - test_loss: 0.9699543118
2024-05-03 01:21:37,483:INFO: Early Stop Left: 12
2024-05-03 01:21:40,059:INFO: Epoch: 61 - loss: 1.0918464192 - test_loss: 0.9441389441
2024-05-03 01:21:40,061:INFO: -------- Save Best Model! --------
2024-05-03 01:21:42,811:INFO: Epoch: 62 - loss: 1.0881007761 - test_loss: 0.9541457891
2024-05-03 01:21:42,812:INFO: Early Stop Left: 14
2024-05-03 01:21:45,394:INFO: Epoch: 63 - loss: 1.0887855034 - test_loss: 0.9840986133
2024-05-03 01:21:45,395:INFO: Early Stop Left: 13
2024-05-03 01:21:48,012:INFO: Epoch: 64 - loss: 1.0862637256 - test_loss: 0.9584878087
2024-05-03 01:21:48,012:INFO: Early Stop Left: 12
2024-05-03 01:21:50,542:INFO: Epoch: 65 - loss: 1.0820957399 - test_loss: 0.9488108158
2024-05-03 01:21:50,542:INFO: Early Stop Left: 11
2024-05-03 01:21:53,154:INFO: Epoch: 66 - loss: 1.0858062896 - test_loss: 0.9710444212
2024-05-03 01:21:53,154:INFO: Early Stop Left: 10
2024-05-03 01:21:55,833:INFO: Epoch: 67 - loss: 1.0833071508 - test_loss: 0.9515184164
2024-05-03 01:21:55,833:INFO: Early Stop Left: 9
2024-05-03 01:21:58,358:INFO: Epoch: 68 - loss: 1.0775171494 - test_loss: 0.9548126459
2024-05-03 01:21:58,358:INFO: Early Stop Left: 8
2024-05-03 01:22:00,933:INFO: Epoch: 69 - loss: 1.0758171457 - test_loss: 0.9403269291
2024-05-03 01:22:00,935:INFO: -------- Save Best Model! --------
2024-05-03 01:22:03,422:INFO: Epoch: 70 - loss: 1.0802719420 - test_loss: 0.9414278269
2024-05-03 01:22:03,422:INFO: Early Stop Left: 14
2024-05-03 01:22:06,034:INFO: Epoch: 71 - loss: 1.0749956417 - test_loss: 0.9478105903
2024-05-03 01:22:06,034:INFO: Early Stop Left: 13
2024-05-03 01:22:08,574:INFO: Epoch: 72 - loss: 1.0694773736 - test_loss: 0.9495537877
2024-05-03 01:22:08,574:INFO: Early Stop Left: 12
2024-05-03 01:22:11,106:INFO: Epoch: 73 - loss: 1.0723396241 - test_loss: 0.9596851468
2024-05-03 01:22:11,107:INFO: Early Stop Left: 11
2024-05-03 01:22:13,733:INFO: Epoch: 74 - loss: 1.0748207021 - test_loss: 0.9458025694
2024-05-03 01:22:13,733:INFO: Early Stop Left: 10
2024-05-03 01:22:16,288:INFO: Epoch: 75 - loss: 1.0742245880 - test_loss: 0.9459363222
2024-05-03 01:22:16,288:INFO: Early Stop Left: 9
2024-05-03 01:22:18,901:INFO: Epoch: 76 - loss: 1.0738123791 - test_loss: 0.9414345026
2024-05-03 01:22:18,901:INFO: Early Stop Left: 8
2024-05-03 01:22:21,367:INFO: Epoch: 77 - loss: 1.0671084182 - test_loss: 0.9372649789
2024-05-03 01:22:21,369:INFO: -------- Save Best Model! --------
2024-05-03 01:22:24,095:INFO: Epoch: 78 - loss: 1.0656698986 - test_loss: 0.9358618259
2024-05-03 01:22:24,100:INFO: -------- Save Best Model! --------
2024-05-03 01:22:26,610:INFO: Epoch: 79 - loss: 1.0631919065 - test_loss: 0.9341835380
2024-05-03 01:22:26,612:INFO: -------- Save Best Model! --------
2024-05-03 01:22:29,064:INFO: Epoch: 80 - loss: 1.0642609490 - test_loss: 0.9510338902
2024-05-03 01:22:29,064:INFO: Early Stop Left: 14
2024-05-03 01:22:31,686:INFO: Epoch: 81 - loss: 1.0615685213 - test_loss: 0.9192730188
2024-05-03 01:22:31,687:INFO: -------- Save Best Model! --------
2024-05-03 01:22:34,198:INFO: Epoch: 82 - loss: 1.0651141099 - test_loss: 0.9247617126
2024-05-03 01:22:34,199:INFO: Early Stop Left: 14
2024-05-03 01:22:36,788:INFO: Epoch: 83 - loss: 1.0653077343 - test_loss: 0.9270428419
2024-05-03 01:22:36,788:INFO: Early Stop Left: 13
2024-05-03 01:22:39,463:INFO: Epoch: 84 - loss: 1.0531033582 - test_loss: 0.9211561084
2024-05-03 01:22:39,463:INFO: Early Stop Left: 12
2024-05-03 01:22:41,986:INFO: Epoch: 85 - loss: 1.0548159010 - test_loss: 0.9671120048
2024-05-03 01:22:41,986:INFO: Early Stop Left: 11
2024-05-03 01:22:44,639:INFO: Epoch: 86 - loss: 1.0560816542 - test_loss: 0.9126050472
2024-05-03 01:22:44,640:INFO: -------- Save Best Model! --------
2024-05-03 01:22:47,184:INFO: Epoch: 87 - loss: 1.0581142049 - test_loss: 0.9113584161
2024-05-03 01:22:47,190:INFO: -------- Save Best Model! --------
2024-05-03 01:22:49,803:INFO: Epoch: 88 - loss: 1.0535192752 - test_loss: 0.9280613065
2024-05-03 01:22:49,803:INFO: Early Stop Left: 14
2024-05-03 01:22:52,345:INFO: Epoch: 89 - loss: 1.0552243293 - test_loss: 0.9077786207
2024-05-03 01:22:52,350:INFO: -------- Save Best Model! --------
2024-05-03 01:22:54,827:INFO: Epoch: 90 - loss: 1.0571624660 - test_loss: 0.9171358943
2024-05-03 01:22:54,827:INFO: Early Stop Left: 14
2024-05-03 01:22:57,440:INFO: Epoch: 91 - loss: 1.0528703288 - test_loss: 0.9185183048
2024-05-03 01:22:57,444:INFO: Early Stop Left: 13
2024-05-03 01:22:59,966:INFO: Epoch: 92 - loss: 1.0451621209 - test_loss: 0.9379917979
2024-05-03 01:22:59,966:INFO: Early Stop Left: 12
2024-05-03 01:23:02,530:INFO: Epoch: 93 - loss: 1.0456553587 - test_loss: 0.9259474874
2024-05-03 01:23:02,531:INFO: Early Stop Left: 11
2024-05-03 01:23:05,071:INFO: Epoch: 94 - loss: 1.0449026457 - test_loss: 0.9270615578
2024-05-03 01:23:05,071:INFO: Early Stop Left: 10
2024-05-03 01:23:07,608:INFO: Epoch: 95 - loss: 1.0490769363 - test_loss: 0.9282636046
2024-05-03 01:23:07,608:INFO: Early Stop Left: 9
2024-05-03 01:23:10,239:INFO: Epoch: 96 - loss: 1.0527518523 - test_loss: 0.9160003066
2024-05-03 01:23:10,240:INFO: Early Stop Left: 8
2024-05-03 01:23:12,801:INFO: Epoch: 97 - loss: 1.0530388388 - test_loss: 0.9157111645
2024-05-03 01:23:12,802:INFO: Early Stop Left: 7
2024-05-03 01:23:15,359:INFO: Epoch: 98 - loss: 1.0420250599 - test_loss: 0.9242810607
2024-05-03 01:23:15,359:INFO: Early Stop Left: 6
2024-05-03 01:23:17,933:INFO: Epoch: 99 - loss: 1.0458979729 - test_loss: 0.9109604359
2024-05-03 01:23:17,933:INFO: Early Stop Left: 5
2024-05-03 01:23:20,516:INFO: Epoch: 100 - loss: 1.0413537987 - test_loss: 0.8970834613
2024-05-03 01:23:20,517:INFO: -------- Save Best Model! --------
2024-05-03 01:23:23,147:INFO: Epoch: 101 - loss: 1.0423340668 - test_loss: 0.9103578329
2024-05-03 01:23:23,147:INFO: Early Stop Left: 14
2024-05-03 01:23:25,670:INFO: Epoch: 102 - loss: 1.0373993124 - test_loss: 0.9168702364
2024-05-03 01:23:25,670:INFO: Early Stop Left: 13
2024-05-03 01:23:28,320:INFO: Epoch: 103 - loss: 1.0454347050 - test_loss: 0.9101035595
2024-05-03 01:23:28,321:INFO: Early Stop Left: 12
2024-05-03 01:23:30,803:INFO: Epoch: 104 - loss: 1.0380746065 - test_loss: 0.8983750343
2024-05-03 01:23:30,803:INFO: Early Stop Left: 11
2024-05-03 01:23:33,379:INFO: Epoch: 105 - loss: 1.0415175319 - test_loss: 0.9377006888
2024-05-03 01:23:33,379:INFO: Early Stop Left: 10
2024-05-03 01:23:36,112:INFO: Epoch: 106 - loss: 1.0504239019 - test_loss: 0.9023196101
2024-05-03 01:23:36,112:INFO: Early Stop Left: 9
2024-05-03 01:23:38,614:INFO: Epoch: 107 - loss: 1.0315433996 - test_loss: 0.8998528123
2024-05-03 01:23:38,614:INFO: Early Stop Left: 8
2024-05-03 01:23:41,245:INFO: Epoch: 108 - loss: 1.0381243614 - test_loss: 0.9081146121
2024-05-03 01:23:41,245:INFO: Early Stop Left: 7
2024-05-03 01:23:43,741:INFO: Epoch: 109 - loss: 1.0415828738 - test_loss: 0.9059287310
2024-05-03 01:23:43,741:INFO: Early Stop Left: 6
2024-05-03 01:23:46,370:INFO: Epoch: 110 - loss: 1.0385170922 - test_loss: 0.8918944001
2024-05-03 01:23:46,371:INFO: -------- Save Best Model! --------
2024-05-03 01:23:48,985:INFO: Epoch: 111 - loss: 1.0345494989 - test_loss: 0.8976306319
2024-05-03 01:23:48,986:INFO: Early Stop Left: 14
2024-05-03 01:23:51,505:INFO: Epoch: 112 - loss: 1.0384322468 - test_loss: 0.9101188183
2024-05-03 01:23:51,505:INFO: Early Stop Left: 13
2024-05-03 01:23:54,138:INFO: Epoch: 113 - loss: 1.0339821587 - test_loss: 0.8929672241
2024-05-03 01:23:54,139:INFO: Early Stop Left: 12
2024-05-03 01:23:56,698:INFO: Epoch: 114 - loss: 1.0299183102 - test_loss: 0.9074478149
2024-05-03 01:23:56,698:INFO: Early Stop Left: 11
2024-05-03 01:23:59,347:INFO: Epoch: 115 - loss: 1.0375384450 - test_loss: 0.8973162174
2024-05-03 01:23:59,351:INFO: Early Stop Left: 10
2024-05-03 01:24:01,983:INFO: Epoch: 116 - loss: 1.0290961109 - test_loss: 0.8922020793
2024-05-03 01:24:01,983:INFO: Early Stop Left: 9
2024-05-03 01:24:04,481:INFO: Epoch: 117 - loss: 1.0310040545 - test_loss: 0.8837009072
2024-05-03 01:24:04,487:INFO: -------- Save Best Model! --------
2024-05-03 01:24:07,140:INFO: Epoch: 118 - loss: 1.0305058271 - test_loss: 0.9082692862
2024-05-03 01:24:07,141:INFO: Early Stop Left: 14
2024-05-03 01:24:09,726:INFO: Epoch: 119 - loss: 1.0328344743 - test_loss: 0.9055491090
2024-05-03 01:24:09,726:INFO: Early Stop Left: 13
2024-05-03 01:24:12,363:INFO: Epoch: 120 - loss: 1.0229512251 - test_loss: 0.8865471482
2024-05-03 01:24:12,363:INFO: Early Stop Left: 12
2024-05-03 01:24:14,901:INFO: Epoch: 121 - loss: 1.0359635703 - test_loss: 0.9216979146
2024-05-03 01:24:14,901:INFO: Early Stop Left: 11
2024-05-03 01:24:17,656:INFO: Epoch: 122 - loss: 1.0284443073 - test_loss: 0.8884253502
2024-05-03 01:24:17,657:INFO: Early Stop Left: 10
2024-05-03 01:24:20,311:INFO: Epoch: 123 - loss: 1.0259112310 - test_loss: 0.8790516853
2024-05-03 01:24:20,312:INFO: -------- Save Best Model! --------
2024-05-03 01:24:22,870:INFO: Epoch: 124 - loss: 1.0309693330 - test_loss: 0.8932802677
2024-05-03 01:24:22,870:INFO: Early Stop Left: 14
2024-05-03 01:24:25,453:INFO: Epoch: 125 - loss: 1.0280033965 - test_loss: 0.8888801336
2024-05-03 01:24:25,453:INFO: Early Stop Left: 13
2024-05-03 01:24:27,942:INFO: Epoch: 126 - loss: 1.0249669862 - test_loss: 0.8992181420
2024-05-03 01:24:27,943:INFO: Early Stop Left: 12
2024-05-03 01:24:30,553:INFO: Epoch: 127 - loss: 1.0226662441 - test_loss: 0.8898551464
2024-05-03 01:24:30,553:INFO: Early Stop Left: 11
2024-05-03 01:24:33,254:INFO: Epoch: 128 - loss: 1.0270329266 - test_loss: 0.9290120602
2024-05-03 01:24:33,254:INFO: Early Stop Left: 10
2024-05-03 01:24:35,794:INFO: Epoch: 129 - loss: 1.0314923643 - test_loss: 0.9033713937
2024-05-03 01:24:35,794:INFO: Early Stop Left: 9
2024-05-03 01:24:38,437:INFO: Epoch: 130 - loss: 1.0265528998 - test_loss: 0.8931471705
2024-05-03 01:24:38,437:INFO: Early Stop Left: 8
2024-05-03 01:24:40,980:INFO: Epoch: 131 - loss: 1.0230692254 - test_loss: 0.8706468940
2024-05-03 01:24:40,985:INFO: -------- Save Best Model! --------
2024-05-03 01:24:43,528:INFO: Epoch: 132 - loss: 1.0201192378 - test_loss: 0.8970494270
2024-05-03 01:24:43,529:INFO: Early Stop Left: 14
2024-05-03 01:24:46,094:INFO: Epoch: 133 - loss: 1.0268235071 - test_loss: 0.8843922019
2024-05-03 01:24:46,095:INFO: Early Stop Left: 13
2024-05-03 01:24:48,620:INFO: Epoch: 134 - loss: 1.0301381976 - test_loss: 0.8807883263
2024-05-03 01:24:48,620:INFO: Early Stop Left: 12
2024-05-03 01:24:51,255:INFO: Epoch: 135 - loss: 1.0184169494 - test_loss: 0.8863914609
2024-05-03 01:24:51,255:INFO: Early Stop Left: 11
2024-05-03 01:24:53,836:INFO: Epoch: 136 - loss: 1.0190494011 - test_loss: 0.9024307132
2024-05-03 01:24:53,836:INFO: Early Stop Left: 10
2024-05-03 01:24:56,446:INFO: Epoch: 137 - loss: 1.0150821447 - test_loss: 0.8897972703
2024-05-03 01:24:56,446:INFO: Early Stop Left: 9
2024-05-03 01:24:59,067:INFO: Epoch: 138 - loss: 1.0178380007 - test_loss: 0.8879704475
2024-05-03 01:24:59,067:INFO: Early Stop Left: 8
2024-05-03 01:25:01,600:INFO: Epoch: 139 - loss: 1.0103727922 - test_loss: 0.8712067604
2024-05-03 01:25:01,600:INFO: Early Stop Left: 7
2024-05-03 01:25:04,253:INFO: Epoch: 140 - loss: 1.0232471843 - test_loss: 0.8740830421
2024-05-03 01:25:04,253:INFO: Early Stop Left: 6
2024-05-03 01:25:06,833:INFO: Epoch: 141 - loss: 1.0167255504 - test_loss: 0.8794465065
2024-05-03 01:25:06,833:INFO: Early Stop Left: 5
2024-05-03 01:25:09,515:INFO: Epoch: 142 - loss: 1.0191233501 - test_loss: 0.8733376861
2024-05-03 01:25:09,516:INFO: Early Stop Left: 4
2024-05-03 01:25:11,977:INFO: Epoch: 143 - loss: 1.0135616481 - test_loss: 0.8906664252
2024-05-03 01:25:11,977:INFO: Early Stop Left: 3
2024-05-03 01:25:14,590:INFO: Epoch: 144 - loss: 1.0116741930 - test_loss: 0.8910143375
2024-05-03 01:25:14,591:INFO: Early Stop Left: 2
2024-05-03 01:25:17,214:INFO: Epoch: 145 - loss: 1.0160368748 - test_loss: 0.8871439695
2024-05-03 01:25:17,214:INFO: Early Stop Left: 1
2024-05-03 01:25:19,740:INFO: Epoch: 146 - loss: 1.0171943145 - test_loss: 0.9067354798
2024-05-03 01:25:19,741:INFO: Early Stop Left: 0
2024-05-03 01:25:19,741:INFO: -------- Early Stop! --------
2024-05-03 01:25:20,536:INFO: Accuracy: 0.7110000000
2024-05-03 01:25:20,537:INFO: Precision: 0.7110000000, Recall: 0.7110000000, F1: 0.7110000000
