2024-05-03 02:50:40,972:INFO: Epoch: 1 - loss: 0.5569110552 - test_loss: 0.1380991936
2024-05-03 02:50:40,980:INFO: -------- Save Best Model! --------
2024-05-03 02:50:43,507:INFO: Epoch: 2 - loss: 0.1594145502 - test_loss: 0.0785900131
2024-05-03 02:50:43,508:INFO: -------- Save Best Model! --------
2024-05-03 02:50:46,113:INFO: Epoch: 3 - loss: 0.1135077964 - test_loss: 0.0632930025
2024-05-03 02:50:46,119:INFO: -------- Save Best Model! --------
2024-05-03 02:50:48,759:INFO: Epoch: 4 - loss: 0.0982870488 - test_loss: 0.0656592995
2024-05-03 02:50:48,760:INFO: Early Stop Left: 14
2024-05-03 02:50:51,245:INFO: Epoch: 5 - loss: 0.0852025217 - test_loss: 0.0506822877
2024-05-03 02:50:51,251:INFO: -------- Save Best Model! --------
2024-05-03 02:50:53,921:INFO: Epoch: 6 - loss: 0.0766171822 - test_loss: 0.0460578054
2024-05-03 02:50:53,923:INFO: -------- Save Best Model! --------
2024-05-03 02:50:56,543:INFO: Epoch: 7 - loss: 0.0699241992 - test_loss: 0.0458195955
2024-05-03 02:50:56,549:INFO: -------- Save Best Model! --------
2024-05-03 02:50:59,067:INFO: Epoch: 8 - loss: 0.0654179126 - test_loss: 0.0413281880
2024-05-03 02:50:59,068:INFO: -------- Save Best Model! --------
2024-05-03 02:51:01,638:INFO: Epoch: 9 - loss: 0.0606974003 - test_loss: 0.0413800776
2024-05-03 02:51:01,638:INFO: Early Stop Left: 14
2024-05-03 02:51:04,225:INFO: Epoch: 10 - loss: 0.0591547636 - test_loss: 0.0348208360
2024-05-03 02:51:04,227:INFO: -------- Save Best Model! --------
2024-05-03 02:51:06,878:INFO: Epoch: 11 - loss: 0.0540834620 - test_loss: 0.0372702926
2024-05-03 02:51:06,878:INFO: Early Stop Left: 14
2024-05-03 02:51:09,254:INFO: Epoch: 12 - loss: 0.0533816840 - test_loss: 0.0341135859
2024-05-03 02:51:09,256:INFO: -------- Save Best Model! --------
2024-05-03 02:51:11,820:INFO: Epoch: 13 - loss: 0.0514208997 - test_loss: 0.0404021107
2024-05-03 02:51:11,820:INFO: Early Stop Left: 14
2024-05-03 02:51:14,413:INFO: Epoch: 14 - loss: 0.0492782454 - test_loss: 0.0340916440
2024-05-03 02:51:14,415:INFO: -------- Save Best Model! --------
2024-05-03 02:51:16,836:INFO: Epoch: 15 - loss: 0.0481147268 - test_loss: 0.0331570618
2024-05-03 02:51:16,838:INFO: -------- Save Best Model! --------
2024-05-03 02:51:19,462:INFO: Epoch: 16 - loss: 0.0465977053 - test_loss: 0.0325846002
2024-05-03 02:51:19,467:INFO: -------- Save Best Model! --------
2024-05-03 02:51:22,128:INFO: Epoch: 17 - loss: 0.0434401634 - test_loss: 0.0350252539
2024-05-03 02:51:22,129:INFO: Early Stop Left: 14
2024-05-03 02:51:24,743:INFO: Epoch: 18 - loss: 0.0426190138 - test_loss: 0.0327675305
2024-05-03 02:51:24,743:INFO: Early Stop Left: 13
2024-05-03 02:51:27,261:INFO: Epoch: 19 - loss: 0.0406183477 - test_loss: 0.0299082175
2024-05-03 02:51:27,263:INFO: -------- Save Best Model! --------
2024-05-03 02:51:29,825:INFO: Epoch: 20 - loss: 0.0400211490 - test_loss: 0.0355829485
2024-05-03 02:51:29,825:INFO: Early Stop Left: 14
2024-05-03 02:51:32,401:INFO: Epoch: 21 - loss: 0.0381758195 - test_loss: 0.0327739343
2024-05-03 02:51:32,401:INFO: Early Stop Left: 13
2024-05-03 02:51:34,993:INFO: Epoch: 22 - loss: 0.0383959860 - test_loss: 0.0308730900
2024-05-03 02:51:34,993:INFO: Early Stop Left: 12
2024-05-03 02:51:37,610:INFO: Epoch: 23 - loss: 0.0350064665 - test_loss: 0.0301134065
2024-05-03 02:51:37,611:INFO: Early Stop Left: 11
2024-05-03 02:51:40,206:INFO: Epoch: 24 - loss: 0.0354450251 - test_loss: 0.0279046930
2024-05-03 02:51:40,208:INFO: -------- Save Best Model! --------
2024-05-03 02:51:42,769:INFO: Epoch: 25 - loss: 0.0339142512 - test_loss: 0.0299865939
2024-05-03 02:51:42,769:INFO: Early Stop Left: 14
2024-05-03 02:51:45,274:INFO: Epoch: 26 - loss: 0.0344116932 - test_loss: 0.0305924173
2024-05-03 02:51:45,275:INFO: Early Stop Left: 13
2024-05-03 02:51:47,938:INFO: Epoch: 27 - loss: 0.0343855570 - test_loss: 0.0303689223
2024-05-03 02:51:47,938:INFO: Early Stop Left: 12
2024-05-03 02:51:50,593:INFO: Epoch: 28 - loss: 0.0330804345 - test_loss: 0.0280101486
2024-05-03 02:51:50,593:INFO: Early Stop Left: 11
2024-05-03 02:51:53,109:INFO: Epoch: 29 - loss: 0.0313112480 - test_loss: 0.0273221117
2024-05-03 02:51:53,111:INFO: -------- Save Best Model! --------
2024-05-03 02:51:55,779:INFO: Epoch: 30 - loss: 0.0310240614 - test_loss: 0.0284571964
2024-05-03 02:51:55,780:INFO: Early Stop Left: 14
2024-05-03 02:51:58,505:INFO: Epoch: 31 - loss: 0.0308506762 - test_loss: 0.0325274095
2024-05-03 02:51:58,505:INFO: Early Stop Left: 13
2024-05-03 02:52:01,042:INFO: Epoch: 32 - loss: 0.0304088086 - test_loss: 0.0286033694
2024-05-03 02:52:01,042:INFO: Early Stop Left: 12
2024-05-03 02:52:03,650:INFO: Epoch: 33 - loss: 0.0298267737 - test_loss: 0.0292802453
2024-05-03 02:52:03,651:INFO: Early Stop Left: 11
2024-05-03 02:52:06,256:INFO: Epoch: 34 - loss: 0.0274643057 - test_loss: 0.0278924219
2024-05-03 02:52:06,256:INFO: Early Stop Left: 10
2024-05-03 02:52:08,673:INFO: Epoch: 35 - loss: 0.0281615148 - test_loss: 0.0277069993
2024-05-03 02:52:08,673:INFO: Early Stop Left: 9
2024-05-03 02:52:11,178:INFO: Epoch: 36 - loss: 0.0285428599 - test_loss: 0.0265015960
2024-05-03 02:52:11,180:INFO: -------- Save Best Model! --------
2024-05-03 02:52:13,840:INFO: Epoch: 37 - loss: 0.0286655935 - test_loss: 0.0333123766
2024-05-03 02:52:13,840:INFO: Early Stop Left: 14
2024-05-03 02:52:16,433:INFO: Epoch: 38 - loss: 0.0264675377 - test_loss: 0.0261634979
2024-05-03 02:52:16,434:INFO: -------- Save Best Model! --------
2024-05-03 02:52:18,965:INFO: Epoch: 39 - loss: 0.0265728132 - test_loss: 0.0292353425
2024-05-03 02:52:18,965:INFO: Early Stop Left: 14
2024-05-03 02:52:21,592:INFO: Epoch: 40 - loss: 0.0255155504 - test_loss: 0.0266579892
2024-05-03 02:52:21,592:INFO: Early Stop Left: 13
2024-05-03 02:52:24,235:INFO: Epoch: 41 - loss: 0.0261403658 - test_loss: 0.0327496938
2024-05-03 02:52:24,235:INFO: Early Stop Left: 12
2024-05-03 02:52:26,795:INFO: Epoch: 42 - loss: 0.0253137020 - test_loss: 0.0263052415
2024-05-03 02:52:26,795:INFO: Early Stop Left: 11
2024-05-03 02:52:29,457:INFO: Epoch: 43 - loss: 0.0254559856 - test_loss: 0.0273604970
2024-05-03 02:52:29,457:INFO: Early Stop Left: 10
2024-05-03 02:52:31,969:INFO: Epoch: 44 - loss: 0.0242458936 - test_loss: 0.0267067552
2024-05-03 02:52:31,970:INFO: Early Stop Left: 9
2024-05-03 02:52:34,434:INFO: Epoch: 45 - loss: 0.0248328862 - test_loss: 0.0284927487
2024-05-03 02:52:34,434:INFO: Early Stop Left: 8
2024-05-03 02:52:37,097:INFO: Epoch: 46 - loss: 0.0241717743 - test_loss: 0.0290906578
2024-05-03 02:52:37,097:INFO: Early Stop Left: 7
2024-05-03 02:52:39,671:INFO: Epoch: 47 - loss: 0.0228821271 - test_loss: 0.0289609339
2024-05-03 02:52:39,671:INFO: Early Stop Left: 6
2024-05-03 02:52:42,267:INFO: Epoch: 48 - loss: 0.0233967292 - test_loss: 0.0295028072
2024-05-03 02:52:42,267:INFO: Early Stop Left: 5
2024-05-03 02:52:44,946:INFO: Epoch: 49 - loss: 0.0238125070 - test_loss: 0.0286256671
2024-05-03 02:52:44,946:INFO: Early Stop Left: 4
2024-05-03 02:52:47,590:INFO: Epoch: 50 - loss: 0.0222812373 - test_loss: 0.0312233325
2024-05-03 02:52:47,590:INFO: Early Stop Left: 3
2024-05-03 02:52:50,197:INFO: Epoch: 51 - loss: 0.0233484375 - test_loss: 0.0329387784
2024-05-03 02:52:50,198:INFO: Early Stop Left: 2
2024-05-03 02:52:52,612:INFO: Epoch: 52 - loss: 0.0230472620 - test_loss: 0.0270964000
2024-05-03 02:52:52,612:INFO: Early Stop Left: 1
2024-05-03 02:52:55,276:INFO: Epoch: 53 - loss: 0.0211027490 - test_loss: 0.0283612013
2024-05-03 02:52:55,276:INFO: Early Stop Left: 0
2024-05-03 02:52:55,276:INFO: -------- Early Stop! --------
2024-05-03 02:52:56,032:INFO: Accuracy: 0.9932000000
2024-05-03 02:52:56,032:INFO: Precision: 0.9932000000, Recall: 0.9932000000, F1: 0.9932000000
